<?xml version="1.0" encoding="UTF-8"?>
<testsuite xmlns:xsi="http://www.w3.org/2001/XMLSchema-instance" xsi:noNamespaceSchemaLocation="https://maven.apache.org/surefire/maven-surefire-plugin/xsd/surefire-test-report.xsd" name="US1002 amazon background ile arama" time="50.1" tests="4" errors="1" skipped="0" failures="0">
  <properties>
[...]
</properties>
  <testcase name="TC04 amazon nutella arama" classname="US1002 amazon background ile arama" time="12.584"/>
  <testcase name="TC05 amazon java arama" classname="US1002 amazon background ile arama" time="14.325"/>
  <testcase name="TC06 amazon ipad arama #1" classname="US1002 amazon background ile arama" time="13.741"/>
  <testcase name="TC06 amazon ipad arama #2" classname="US1002 amazon background ile arama" time="9.45">
    <error message="The step &apos;ipad için arama yapar&apos; and 2 other step(s) are undefined.&#10;You can implement these steps using the snippet(s) below:&#10;&#10;@When(&quot;ipad için arama yapar&quot;)&#10;public void ipad_için_arama_yapar() {&#10;    // Write code here that turns the phrase above into concrete actions&#10;    throw new io.cucumber.java.PendingException();&#10;}&#10;@Then(&quot;sonucun ipad içerdiğini test eder&quot;)&#10;public void sonucun_ipad_içerdiğini_test_eder() {&#10;    // Write code here that turns the phrase above into concrete actions&#10;    throw new io.cucumber.java.PendingException();&#10;}&#10;@Then(&quot;sayfayı kapatir&quot;)&#10;public void sayfayı_kapatir() {&#10;    // Write code here that turns the phrase above into concrete actions&#10;    throw new io.cucumber.java.PendingException();&#10;}&#10;" type="io.cucumber.junit.UndefinedStepException">io.cucumber.junit.UndefinedStepException: 
The step 'ipad için arama yapar' and 2 other step(s) are undefined.
You can implement these steps using the snippet(s) below:

@When("ipad için arama yapar")
public void ipad_için_arama_yapar() {
    // Write code here that turns the phrase above into concrete actions
    throw new io.cucumber.java.PendingException();
}
@Then("sonucun ipad içerdiğini test eder")
public void sonucun_ipad_içerdiğini_test_eder() {
    // Write code here that turns the phrase above into concrete actions
    throw new io.cucumber.java.PendingException();
}
@Then("sayfayı kapatir")
public void sayfayı_kapatir() {
    // Write code here that turns the phrase above into concrete actions
    throw new io.cucumber.java.PendingException();
}

</error>
    <system-err><![CDATA[Starting ChromeDriver 95.0.4638.69 (6a1600ed572fedecd573b6c2b90a22fe6392a410-refs/branch-heads/4638@{#984}) on port 15551
Only local connections are allowed.
Please see https://chromedriver.chromium.org/security-considerations for suggestions on keeping ChromeDriver safe.
ChromeDriver was started successfully.
Kas 10, 2021 8:34:56 ÖS org.openqa.selenium.remote.ProtocolHandshake createSession
INFO: Detected dialect: W3C
]]></system-err>
  </testcase>
</testsuite>