<?xml version="1.0" encoding="UTF-8" standalone="no"?>
<testsuite errors="0" failures="2" name="io.cucumber.core.plugin.JUnitFormatter" skipped="0" tests="8" time="298.288">
    <testcase classname="US1001 amazon arama" name="TC01 amazon nutella arama" time="211.931">
        <system-out>
            <![CDATA[When kullanici amazon sayfasina gider.......................................passed
And nutella icin arama yapar................................................passed
Then sonucun nutella icerdigini test eder...................................passed
And sayfayi kapatir.........................................................passed
]]>
        </system-out>
    </testcase>
    <testcase classname="US1001 amazon arama" name="TC02 amazon java arama" time="17.625">
        <system-out>
            <![CDATA[When kullanici amazon sayfasina gider.......................................passed
And java icin arama yapar...................................................passed
Then sonucun java icerdigini test eder......................................passed
And sayfayi kapatir.........................................................passed
]]>
        </system-out>
    </testcase>
    <testcase classname="US1001 amazon arama" name="TC03 amazon ipad arama" time="15.644">
        <system-out>
            <![CDATA[When kullanici amazon sayfasina gider.......................................passed
And ipad icin arama yapar...................................................passed
Then sonucun ipad icerdigini test eder......................................passed
And sayfayi kapatir.........................................................passed
]]>
        </system-out>
    </testcase>
    <testcase classname="US1001 amazon arama" name="TC03 amazon ipad arama 2" time="2.485">
        <failure message="The scenario has pending or undefined step(s)" type="java.lang.Exception">
            <![CDATA[When kullanıcı amazon sayfasına gider.......................................undefined
And ipad için arama yapar...................................................skipped
Then sonucun ipad içerdiğini test eder......................................skipped
And sayfayı kapatir.........................................................skipped
]]>
        </failure>
    </testcase>
    <testcase classname="US1002 amazon background ile arama" name="TC04 amazon nutella arama" time="12.567">
        <system-out>
            <![CDATA[When kullanici amazon sayfasina gider.......................................passed
And nutella icin arama yapar................................................passed
Then sonucun nutella icerdigini test eder...................................passed
And sayfayi kapatir.........................................................passed
]]>
        </system-out>
    </testcase>
    <testcase classname="US1002 amazon background ile arama" name="TC05 amazon java arama" time="14.314">
        <system-out>
            <![CDATA[When kullanici amazon sayfasina gider.......................................passed
And java icin arama yapar...................................................passed
Then sonucun java icerdigini test eder......................................passed
And sayfayi kapatir.........................................................passed
]]>
        </system-out>
    </testcase>
    <testcase classname="US1002 amazon background ile arama" name="TC06 amazon ipad arama" time="13.738">
        <system-out>
            <![CDATA[When kullanici amazon sayfasina gider.......................................passed
And ipad icin arama yapar...................................................passed
Then sonucun ipad icerdigini test eder......................................passed
And sayfayi kapatir.........................................................passed
]]>
        </system-out>
    </testcase>
    <testcase classname="US1002 amazon background ile arama" name="TC06 amazon ipad arama 2" time="9.443">
        <failure message="The scenario has pending or undefined step(s)" type="java.lang.Exception">
            <![CDATA[When kullanici amazon sayfasina gider.......................................passed
And ipad için arama yapar...................................................undefined
Then sonucun ipad içerdiğini test eder......................................skipped
And sayfayı kapatir.........................................................skipped
]]>
        </failure>
    </testcase>
</testsuite>
